{"name": "test_methodD", "status": "failed", "statusDetails": {"message": "AssertionError: assert False", "trace": "def test_methodD():\n        print(\"This is method D\")\n>       assert False\nE       assert False\n\ntest_PytestAllure2.py:23: AssertionError"}, "start": 1750343739098, "stop": 1750343739098, "uuid": "34d61230-0906-4747-a2b1-69d99ec15f46", "historyId": "cbb9945883aa26241e45e6841131acca", "testCaseId": "cbb9945883aa26241e45e6841131acca", "fullName": "test_PytestAllure2#test_methodD", "labels": [{"name": "suite", "value": "test_PytestAllure2"}, {"name": "host", "value": "L7L0GQXR36"}, {"name": "thread", "value": "32234-MainThread"}, {"name": "framework", "value": "pytest"}, {"name": "language", "value": "cpython3"}, {"name": "package", "value": "test_PytestAllure2"}]}